c:\users\945au\onedrive\desktop\penn_state\senior year school work\semester 2\aersp 424\roulette_project\roulette\build\roulette.dir\debug\vc143.pdb
c:\users\945au\onedrive\desktop\penn_state\senior year school work\semester 2\aersp 424\roulette_project\roulette\build\roulette.dir\debug\writeplayerdatatofile.obj
c:\users\945au\onedrive\desktop\penn_state\senior year school work\semester 2\aersp 424\roulette_project\roulette\build\roulette.dir\debug\randomnumber.obj
c:\users\945au\onedrive\desktop\penn_state\senior year school work\semester 2\aersp 424\roulette_project\roulette\build\roulette.dir\debug\initializeplayerdata.obj
c:\users\945au\onedrive\desktop\penn_state\senior year school work\semester 2\aersp 424\roulette_project\roulette\build\roulette.dir\debug\getbettingoptionparameters.obj
c:\users\945au\onedrive\desktop\penn_state\senior year school work\semester 2\aersp 424\roulette_project\roulette\build\roulette.dir\debug\bettingoptions.obj
c:\users\945au\onedrive\desktop\penn_state\senior year school work\semester 2\aersp 424\roulette_project\roulette\build\roulette.dir\debug\image.obj
c:\users\945au\onedrive\desktop\penn_state\senior year school work\semester 2\aersp 424\roulette_project\roulette\build\roulette.dir\debug\main.obj
c:\users\945au\onedrive\desktop\penn_state\senior year school work\semester 2\aersp 424\roulette_project\roulette\build\cmakefiles\generate.stamp
c:\users\945au\onedrive\desktop\penn_state\senior year school work\semester 2\aersp 424\roulette_project\roulette\build\bin\roulette.exe
c:\users\945au\onedrive\desktop\penn_state\senior year school work\semester 2\aersp 424\roulette_project\roulette\build\roulette.dir\debug\roulette.ilk
c:\users\945au\onedrive\desktop\penn_state\senior year school work\semester 2\aersp 424\roulette_project\roulette\build\bin\roulette.pdb
c:\users\945au\onedrive\desktop\penn_state\senior year school work\semester 2\aersp 424\roulette_project\roulette\build\roulette.dir\debug\roulette.tlog\cl.command.1.tlog
c:\users\945au\onedrive\desktop\penn_state\senior year school work\semester 2\aersp 424\roulette_project\roulette\build\roulette.dir\debug\roulette.tlog\cl.items.tlog
c:\users\945au\onedrive\desktop\penn_state\senior year school work\semester 2\aersp 424\roulette_project\roulette\build\roulette.dir\debug\roulette.tlog\cl.read.1.tlog
c:\users\945au\onedrive\desktop\penn_state\senior year school work\semester 2\aersp 424\roulette_project\roulette\build\roulette.dir\debug\roulette.tlog\cl.write.1.tlog
c:\users\945au\onedrive\desktop\penn_state\senior year school work\semester 2\aersp 424\roulette_project\roulette\build\roulette.dir\debug\roulette.tlog\custombuild.command.1.tlog
c:\users\945au\onedrive\desktop\penn_state\senior year school work\semester 2\aersp 424\roulette_project\roulette\build\roulette.dir\debug\roulette.tlog\custombuild.read.1.tlog
c:\users\945au\onedrive\desktop\penn_state\senior year school work\semester 2\aersp 424\roulette_project\roulette\build\roulette.dir\debug\roulette.tlog\custombuild.write.1.tlog
c:\users\945au\onedrive\desktop\penn_state\senior year school work\semester 2\aersp 424\roulette_project\roulette\build\roulette.dir\debug\roulette.tlog\link.command.1.tlog
c:\users\945au\onedrive\desktop\penn_state\senior year school work\semester 2\aersp 424\roulette_project\roulette\build\roulette.dir\debug\roulette.tlog\link.read.1.tlog
c:\users\945au\onedrive\desktop\penn_state\senior year school work\semester 2\aersp 424\roulette_project\roulette\build\roulette.dir\debug\roulette.tlog\link.write.1.tlog
